<?xml version="1.0" encoding="UTF-8"?>
<testng-results ignored="0" total="3" passed="3" failed="0" skipped="0">
  <reporter-output>
  </reporter-output>
  <suite started-at="2024-06-15T14:06:24 EDT" name="FirstCryTestSuite" finished-at="2024-06-15T14:06:55 EDT" duration-ms="30845">
    <groups>
    </groups>
    <test started-at="2024-06-15T14:06:24 EDT" name="ContactPageTest" finished-at="2024-06-15T14:06:41 EDT" duration-ms="16888">
      <class name="com.test.scripts.ContactPageTest">
        <test-method is-config="true" signature="SetExtentReport()[pri:0, instance:com.test.scripts.ContactPageTest@37d4349f]" started-at="2024-06-15T14:06:24 EDT" name="SetExtentReport" finished-at="2024-06-15T14:06:24 EDT" duration-ms="73" status="PASS">
          <reporter-output>
          </reporter-output>
        </test-method> <!-- SetExtentReport -->
        <test-method is-config="true" signature="setUp(java.lang.reflect.Method)[pri:0, instance:com.test.scripts.ContactPageTest@37d4349f]" started-at="2024-06-15T14:06:24 EDT" name="setUp" finished-at="2024-06-15T14:06:32 EDT" duration-ms="8205" status="PASS">
          <params>
            <param index="0">
              <value>
                <![CDATA[public void com.test.scripts.ContactPageTest.contactUsClickTest()]]>
              </value>
            </param>
          </params>
          <reporter-output>
          </reporter-output>
        </test-method> <!-- setUp -->
        <test-method signature="contactUsClickTest()[pri:0, instance:com.test.scripts.ContactPageTest@37d4349f]" started-at="2024-06-15T14:06:32 EDT" name="contactUsClickTest" finished-at="2024-06-15T14:06:40 EDT" duration-ms="7901" status="PASS">
          <reporter-output>
          </reporter-output>
        </test-method> <!-- contactUsClickTest -->
        <test-method is-config="true" signature="getstatus(org.testng.ITestResult)[pri:0, instance:com.test.scripts.ContactPageTest@37d4349f]" started-at="2024-06-15T14:06:40 EDT" name="getstatus" finished-at="2024-06-15T14:06:41 EDT" duration-ms="601" status="PASS">
          <params>
            <param index="0">
              <value>
                <![CDATA[[TestResult name=contactUsClickTest status=SUCCESS method=ContactPageTest.contactUsClickTest()[pri:0, instance:com.test.scripts.ContactPageTest@37d4349f] output={null}]]]>
              </value>
            </param>
          </params>
          <reporter-output>
          </reporter-output>
        </test-method> <!-- getstatus -->
        <test-method is-config="true" signature="tearDown()[pri:0, instance:com.test.scripts.ContactPageTest@37d4349f]" started-at="2024-06-15T14:06:41 EDT" name="tearDown" finished-at="2024-06-15T14:06:41 EDT" duration-ms="95" status="PASS">
          <reporter-output>
          </reporter-output>
        </test-method> <!-- tearDown -->
      </class> <!-- com.test.scripts.ContactPageTest -->
    </test> <!-- ContactPageTest -->
    <test started-at="2024-06-15T14:06:41 EDT" name="SearchTest" finished-at="2024-06-15T14:06:50 EDT" duration-ms="8797">
      <class name="com.test.scripts.SearchTest">
        <test-method is-config="true" signature="SetExtentReport()[pri:0, instance:com.test.scripts.SearchTest@242b836]" started-at="2024-06-15T14:06:41 EDT" name="SetExtentReport" finished-at="2024-06-15T14:06:41 EDT" duration-ms="0" status="PASS">
          <reporter-output>
          </reporter-output>
        </test-method> <!-- SetExtentReport -->
        <test-method is-config="true" signature="setUp(java.lang.reflect.Method)[pri:0, instance:com.test.scripts.SearchTest@242b836]" started-at="2024-06-15T14:06:41 EDT" name="setUp" finished-at="2024-06-15T14:06:45 EDT" duration-ms="4648" status="PASS">
          <params>
            <param index="0">
              <value>
                <![CDATA[public void com.test.scripts.SearchTest.searchForAnythingTest()]]>
              </value>
            </param>
          </params>
          <reporter-output>
          </reporter-output>
        </test-method> <!-- setUp -->
        <test-method signature="searchForAnythingTest()[pri:0, instance:com.test.scripts.SearchTest@242b836]" started-at="2024-06-15T14:06:45 EDT" name="searchForAnythingTest" finished-at="2024-06-15T14:06:49 EDT" duration-ms="3591" status="PASS">
          <reporter-output>
          </reporter-output>
        </test-method> <!-- searchForAnythingTest -->
        <test-method is-config="true" signature="getstatus(org.testng.ITestResult)[pri:0, instance:com.test.scripts.SearchTest@242b836]" started-at="2024-06-15T14:06:49 EDT" name="getstatus" finished-at="2024-06-15T14:06:50 EDT" duration-ms="535" status="PASS">
          <params>
            <param index="0">
              <value>
                <![CDATA[[TestResult name=searchForAnythingTest status=SUCCESS method=SearchTest.searchForAnythingTest()[pri:0, instance:com.test.scripts.SearchTest@242b836] output={null}]]]>
              </value>
            </param>
          </params>
          <reporter-output>
          </reporter-output>
        </test-method> <!-- getstatus -->
        <test-method is-config="true" signature="tearDown()[pri:0, instance:com.test.scripts.SearchTest@242b836]" started-at="2024-06-15T14:06:50 EDT" name="tearDown" finished-at="2024-06-15T14:06:50 EDT" duration-ms="22" status="PASS">
          <reporter-output>
          </reporter-output>
        </test-method> <!-- tearDown -->
      </class> <!-- com.test.scripts.SearchTest -->
    </test> <!-- SearchTest -->
    <test started-at="2024-06-15T14:06:50 EDT" name="StoreLocatorPageTest" finished-at="2024-06-15T14:06:55 EDT" duration-ms="5146">
      <class name="com.test.scripts.StoresButtonTest">
        <test-method is-config="true" signature="setUp(java.lang.reflect.Method)[pri:0, instance:com.test.scripts.StoresButtonTest@4f80542f]" started-at="2024-06-15T14:06:50 EDT" name="setUp" finished-at="2024-06-15T14:06:54 EDT" duration-ms="4271" status="PASS">
          <params>
            <param index="0">
              <value>
                <![CDATA[public void com.test.scripts.StoresButtonTest.storesButtonClickTest() throws java.lang.InterruptedException]]>
              </value>
            </param>
          </params>
          <reporter-output>
          </reporter-output>
        </test-method> <!-- setUp -->
        <test-method is-config="true" signature="SetExtentReport()[pri:0, instance:com.test.scripts.StoresButtonTest@4f80542f]" started-at="2024-06-15T14:06:50 EDT" name="SetExtentReport" finished-at="2024-06-15T14:06:50 EDT" duration-ms="0" status="PASS">
          <reporter-output>
          </reporter-output>
        </test-method> <!-- SetExtentReport -->
        <test-method signature="storesButtonClickTest()[pri:0, instance:com.test.scripts.StoresButtonTest@4f80542f]" started-at="2024-06-15T14:06:54 EDT" name="storesButtonClickTest" finished-at="2024-06-15T14:06:54 EDT" duration-ms="454" status="PASS">
          <reporter-output>
          </reporter-output>
        </test-method> <!-- storesButtonClickTest -->
        <test-method is-config="true" signature="getstatus(org.testng.ITestResult)[pri:0, instance:com.test.scripts.StoresButtonTest@4f80542f]" started-at="2024-06-15T14:06:54 EDT" name="getstatus" finished-at="2024-06-15T14:06:55 EDT" duration-ms="401" status="PASS">
          <params>
            <param index="0">
              <value>
                <![CDATA[[TestResult name=storesButtonClickTest status=SUCCESS method=StoresButtonTest.storesButtonClickTest()[pri:0, instance:com.test.scripts.StoresButtonTest@4f80542f] output={null}]]]>
              </value>
            </param>
          </params>
          <reporter-output>
          </reporter-output>
        </test-method> <!-- getstatus -->
        <test-method is-config="true" signature="tearDown()[pri:0, instance:com.test.scripts.StoresButtonTest@4f80542f]" started-at="2024-06-15T14:06:55 EDT" name="tearDown" finished-at="2024-06-15T14:06:55 EDT" duration-ms="20" status="PASS">
          <reporter-output>
          </reporter-output>
        </test-method> <!-- tearDown -->
      </class> <!-- com.test.scripts.StoresButtonTest -->
    </test> <!-- StoreLocatorPageTest -->
  </suite> <!-- FirstCryTestSuite -->
</testng-results>
